\BOOKMARK [0][-]{chapter.1}{\376\377\000p\000y\000r\000a\000m\000i\000d\000s\000\040\000p\000a\000c\000k\000a\000g\000e}{}% 1
\BOOKMARK [1][-]{section.1.1}{\376\377\000S\000u\000b\000p\000a\000c\000k\000a\000g\000e\000s}{chapter.1}% 2
\BOOKMARK [2][-]{subsection.1.1.1}{\376\377\000p\000y\000r\000a\000m\000i\000d\000s\000.\000i\000o\000\040\000p\000a\000c\000k\000a\000g\000e}{section.1.1}% 3
\BOOKMARK [3][-]{subsubsection*.3}{\376\377\000S\000u\000b\000m\000o\000d\000u\000l\000e\000s}{subsection.1.1.1}% 4
\BOOKMARK [3][-]{subsubsection*.4}{\376\377\000p\000y\000r\000a\000m\000i\000d\000s\000.\000i\000o\000.\000f\000d\000f\000\040\000m\000o\000d\000u\000l\000e}{subsection.1.1.1}% 5
\BOOKMARK [3][-]{subsubsection*.13}{\376\377\000p\000y\000r\000a\000m\000i\000d\000s\000.\000i\000o\000.\000o\000u\000t\000p\000u\000t\000\040\000m\000o\000d\000u\000l\000e}{subsection.1.1.1}% 6
\BOOKMARK [3][-]{subsubsection*.15}{\376\377\000p\000y\000r\000a\000m\000i\000d\000s\000.\000i\000o\000.\000r\000e\000s\000u\000l\000t\000\040\000m\000o\000d\000u\000l\000e}{subsection.1.1.1}% 7
\BOOKMARK [3][-]{subsubsection*.30}{\376\377\000M\000o\000d\000u\000l\000e\000\040\000c\000o\000n\000t\000e\000n\000t\000s}{subsection.1.1.1}% 8
\BOOKMARK [2][-]{subsection.1.1.2}{\376\377\000p\000y\000r\000a\000m\000i\000d\000s\000.\000p\000l\000o\000t\000\040\000p\000a\000c\000k\000a\000g\000e}{section.1.1}% 9
\BOOKMARK [3][-]{subsubsection*.31}{\376\377\000S\000u\000b\000m\000o\000d\000u\000l\000e\000s}{subsection.1.1.2}% 10
\BOOKMARK [3][-]{subsubsection*.32}{\376\377\000p\000y\000r\000a\000m\000i\000d\000s\000.\000p\000l\000o\000t\000.\000P\000l\000o\000t\000U\000t\000i\000l\000i\000t\000y\000\040\000m\000o\000d\000u\000l\000e}{subsection.1.1.2}% 11
\BOOKMARK [3][-]{subsubsection*.33}{\376\377\000p\000y\000r\000a\000m\000i\000d\000s\000.\000p\000l\000o\000t\000.\000s\000e\000t\000t\000i\000n\000g\000\040\000m\000o\000d\000u\000l\000e}{subsection.1.1.2}% 12
\BOOKMARK [3][-]{subsubsection*.37}{\376\377\000M\000o\000d\000u\000l\000e\000\040\000c\000o\000n\000t\000e\000n\000t\000s}{subsection.1.1.2}% 13
\BOOKMARK [2][-]{subsection.1.1.3}{\376\377\000p\000y\000r\000a\000m\000i\000d\000s\000.\000p\000r\000o\000c\000e\000s\000s\000\040\000p\000a\000c\000k\000a\000g\000e}{section.1.1}% 14
\BOOKMARK [3][-]{subsubsection*.38}{\376\377\000S\000u\000b\000m\000o\000d\000u\000l\000e\000s}{subsection.1.1.3}% 15
\BOOKMARK [3][-]{subsubsection*.39}{\376\377\000p\000y\000r\000a\000m\000i\000d\000s\000.\000p\000r\000o\000c\000e\000s\000s\000.\000s\000t\000r\000u\000c\000t\000\040\000m\000o\000d\000u\000l\000e}{subsection.1.1.3}% 16
\BOOKMARK [3][-]{subsubsection*.40}{\376\377\000M\000o\000d\000u\000l\000e\000\040\000c\000o\000n\000t\000e\000n\000t\000s}{subsection.1.1.3}% 17
\BOOKMARK [1][-]{section.1.2}{\376\377\000M\000o\000d\000u\000l\000e\000\040\000c\000o\000n\000t\000e\000n\000t\000s}{chapter.1}% 18
\BOOKMARK [0][-]{chapter.2}{\376\377\000I\000n\000d\000i\000c\000e\000s\000\040\000a\000n\000d\000\040\000t\000a\000b\000l\000e\000s}{}% 19
\BOOKMARK [0][-]{section*.41}{\376\377\000P\000y\000t\000h\000o\000n\000\040\000M\000o\000d\000u\000l\000e\000\040\000I\000n\000d\000e\000x}{}% 20
\BOOKMARK [0][-]{section*.42}{\376\377\000I\000n\000d\000e\000x}{}% 21
